# JRE version: Java(TM) SE Runtime Environment (12.0.2+10) (build 12.0.2+10)
# Java VM: Java HotSpot(TM) 64-Bit Server VM (12.0.2+10, mixed mode, sharing, tiered, compressed oops, g1 gc, windows-amd64)
Heap:
 garbage-first heap   total 342016K, used 10046K [0x0000000741c00000, 0x0000000800000000)
  region size 1024K, 3 young (3072K), 3 survivors (3072K)
 Metaspace       used 17653K, capacity 18074K, committed 18304K, reserved 1064960K
  class space    used 1962K, capacity 2120K, committed 2176K, reserved 1048576K
GC Heap History (10 events):
Event: 3.043 GC heap after
{Heap after GC invocations=11 (full 0):
 garbage-first heap   total 236544K, used 10114K [0x0000000741c00000, 0x0000000800000000)
  region size 1024K, 7 young (7168K), 7 survivors (7168K)
 Metaspace       used 17653K, capacity 18074K, committed 18304K, reserved 1064960K
  class space    used 1962K, capacity 2120K, committed 2176K, reserved 1048576K
}
Event: 3.211 GC heap before
{Heap before GC invocations=11 (full 0):
 garbage-first heap   total 236544K, used 144258K [0x0000000741c00000, 0x0000000800000000)
  region size 1024K, 138 young (141312K), 7 survivors (7168K)
 Metaspace       used 17653K, capacity 18074K, committed 18304K, reserved 1064960K
  class space    used 1962K, capacity 2120K, committed 2176K, reserved 1048576K
}
Event: 3.216 GC heap after
{Heap after GC invocations=12 (full 0):
 garbage-first heap   total 284672K, used 9943K [0x0000000741c00000, 0x0000000800000000)
  region size 1024K, 6 young (6144K), 6 survivors (6144K)
 Metaspace       used 17653K, capacity 18074K, committed 18304K, reserved 1064960K
  class space    used 1962K, capacity 2120K, committed 2176K, reserved 1048576K
}
Event: 3.425 GC heap before
{Heap before GC invocations=12 (full 0):
 garbage-first heap   total 284672K, used 173783K [0x0000000741c00000, 0x0000000800000000)
  region size 1024K, 166 young (169984K), 6 survivors (6144K)
 Metaspace       used 17653K, capacity 18074K, committed 18304K, reserved 1064960K
  class space    used 1962K, capacity 2120K, committed 2176K, reserved 1048576K
}
Event: 3.428 GC heap after
{Heap after GC invocations=13 (full 0):
 garbage-first heap   total 284672K, used 9817K [0x0000000741c00000, 0x0000000800000000)
  region size 1024K, 6 young (6144K), 6 survivors (6144K)
 Metaspace       used 17653K, capacity 18074K, committed 18304K, reserved 1064960K
  class space    used 1962K, capacity 2120K, committed 2176K, reserved 1048576K
}
Event: 3.589 GC heap before
{Heap before GC invocations=13 (full 0):
 garbage-first heap   total 284672K, used 173657K [0x0000000741c00000, 0x0000000800000000)
  region size 1024K, 166 young (169984K), 6 survivors (6144K)
 Metaspace       used 17653K, capacity 18074K, committed 18304K, reserved 1064960K
  class space    used 1962K, capacity 2120K, committed 2176K, reserved 1048576K
}
Event: 3.593 GC heap after
{Heap after GC invocations=14 (full 0):
 garbage-first heap   total 284672K, used 9679K [0x0000000741c00000, 0x0000000800000000)
  region size 1024K, 6 young (6144K), 6 survivors (6144K)
 Metaspace       used 17653K, capacity 18074K, committed 18304K, reserved 1064960K
  class space    used 1962K, capacity 2120K, committed 2176K, reserved 1048576K
}
Event: 3.758 GC heap before
{Heap before GC invocations=14 (full 0):
 garbage-first heap   total 284672K, used 173519K [0x0000000741c00000, 0x0000000800000000)
  region size 1024K, 166 young (169984K), 6 survivors (6144K)
 Metaspace       used 17653K, capacity 18074K, committed 18304K, reserved 1064960K
  class space    used 1962K, capacity 2120K, committed 2176K, reserved 1048576K
}
Event: 3.761 GC heap after
{Heap after GC invocations=15 (full 0):
 garbage-first heap   total 284672K, used 9828K [0x0000000741c00000, 0x0000000800000000)
  region size 1024K, 6 young (6144K), 6 survivors (6144K)
 Metaspace       used 17653K, capacity 18074K, committed 18304K, reserved 1064960K
  class space    used 1962K, capacity 2120K, committed 2176K, reserved 1048576K
}
Event: 3.921 GC heap before
{Heap before GC invocations=15 (full 0):
 garbage-first heap   total 284672K, used 173668K [0x0000000741c00000, 0x0000000800000000)
  region size 1024K, 166 young (169984K), 6 survivors (6144K)
 Metaspace       used 17653K, capacity 18074K, committed 18304K, reserved 1064960K
  class space    used 1962K, capacity 2120K, committed 2176K, reserved 1048576K
}

